[0m[[0m[0mdebug[0m] [0m[0m> Exec(early(addDefaultCommands), None, None)[0m
[0m[[0m[0mdebug[0m] [0m[0m> Exec(addDefaultCommands, None, None)[0m
[0m[[0m[0mdebug[0m] [0m[0m> Exec(early(initialize), None, None)[0m
[0m[[0m[0mdebug[0m] [0m[0m> Exec(initialize, None, None)[0m
[0m[[0m[0mdebug[0m] [0m[0m> Exec(boot, None, None)[0m
[0m[[0m[0mdebug[0m] [0m[0m> Exec(writeSbtVersion, None, None)[0m
[0m[[0m[0mdebug[0m] [0m[0m> Exec(reload, None, None)[0m
[0m[[0m[0mdebug[0m] [0m[0m> Exec(sbtStashOnFailure, None, None)[0m
[0m[[0m[0mdebug[0m] [0m[0m> Exec(onFailure loadFailed, None, None)[0m
[0m[[0m[0mdebug[0m] [0m[0m> Exec(loadp, None, None)[0m
[0m[[0m[0minfo[0m] [0m[0mwelcome to sbt 1.9.8 (Oracle Corporation Java 1.8.0_321)[0m
[0m[[0m[0mdebug[0m] [0m[0mLoad.defaultLoad until apply took 111.8018ms[0m
[0m[[0m[0mdebug[0m] [0m[0m                      Load.loadUnit: plugins took 101.7849ms[0m
[0m[[0m[0mdebug[0m] [0m[0m                      Load.loadUnit: defsScala took 0.5025ms[0m
[0m[[0m[0mdebug[0m] [0m[0m[Loading] Scanning directory C:\Users\leo11\OneDrive\Desktop\HTWG\AIN\Semester 3\Software-Engineering\ProjektMemory\project\project\project[0m
[0m[[0m[0mdebug[0m] [0m[0m                        Load.loadUnit: mkEval took 9.2802ms[0m
[0m[[0m[0mdebug[0m] [0m[0m[Loading] Found non-root projects [0m
[0m[[0m[0mdebug[0m] [0m[0m[Loading] Done in C:\Users\leo11\OneDrive\Desktop\HTWG\AIN\Semester 3\Software-Engineering\ProjektMemory\project\project\project, returning: ()[0m
[0m[[0m[0mdebug[0m] [0m[0mdeducing auto plugins based on known facts Set(Atom(sbt.plugins.CorePlugin)) and clauses Clauses(Clause(Atom(sbt.plugins.JvmPlugin),Set(Atom(sbt.plugins.IvyPlugin)))[0m
[0m[[0m[0mdebug[0m] [0m[0mClause(Atom(sbt.ScriptedPlugin),Set(Atom(sbt.plugins.JvmPlugin)))[0m
[0m[[0m[0mdebug[0m] [0m[0mClause(Atom(sbt.plugins.SbtPlugin),Set(Atom(sbt.ScriptedPlugin)))[0m
[0m[[0m[0mdebug[0m] [0m[0mClause(Atom(sbt.plugins.SemanticdbPlugin),Set(Atom(sbt.plugins.JvmPlugin)))[0m
[0m[[0m[0mdebug[0m] [0m[0mClause(Atom(sbt.plugins.JUnitXmlReportPlugin),Set(Atom(sbt.plugins.JvmPlugin)))[0m
[0m[[0m[0mdebug[0m] [0m[0mClause(Atom(sbt.plugins.MiniDependencyTreePlugin),Set(Atom(sbt.plugins.JvmPlugin)))[0m
[0m[[0m[0mdebug[0m] [0m[0mClause(Atom(sbt.plugins.CorePlugin),Set(Atom(sbt.plugins.IvyPlugin)))[0m
[0m[[0m[0mdebug[0m] [0m[0mClause(Atom(sbt.plugins.IvyPlugin),Set(Atom(sbt.plugins.JvmPlugin)))[0m
[0m[[0m[0mdebug[0m] [0m[0mClause(Atom(sbt.plugins.JvmPlugin),Set(Atom(sbt.plugins.SemanticdbPlugin)))[0m
[0m[[0m[0mdebug[0m] [0m[0mClause(Atom(sbt.plugins.JvmPlugin),Set(Atom(sbt.plugins.JUnitXmlReportPlugin)))[0m
[0m[[0m[0mdebug[0m] [0m[0mClause(Atom(sbt.plugins.CorePlugin),Set(Atom(sbt.plugins.Giter8TemplatePlugin)))[0m
[0m[[0m[0mdebug[0m] [0m[0mClause(Atom(sbt.plugins.JvmPlugin),Set(Atom(sbt.plugins.MiniDependencyTreePlugin))))[0m
[0m[[0m[0mdebug[0m] [0m[0m  :: deduced result: Matched(sbt.plugins.CorePlugin,sbt.plugins.Giter8TemplatePlugin,sbt.plugins.IvyPlugin,sbt.plugins.JvmPlugin,sbt.plugins.MiniDependencyTreePlugin,sbt.plugins.JUnitXmlReportPlugin,sbt.plugins.SemanticdbPlugin)[0m
[0m[[0m[0mdebug[0m] [0m[0mPlugins.deducer#function took 21.3993 ms[0m
[0m[[0m[0minfo[0m] [0m[0mloading settings for project projektmemory-build-build-build from metals.sbt ...[0m
[0m[[0m[0mdebug[0m] [0m[0m                          Load.resolveProject(projektmemory-build-build-build) took 69.8106ms[0m
[0m[[0m[0mdebug[0m] [0m[0m                        Load.loadTransitive: finalizeProject(Project(id projektmemory-build-build-build, base: C:\Users\leo11\OneDrive\Desktop\HTWG\AIN\Semester 3\Software-Engineering\ProjektMemory\project\project\project, plugins: List(<none>))) took 126.7215ms[0m
[0m[[0m[0mdebug[0m] [0m[0m[Loading] Done in C:\Users\leo11\OneDrive\Desktop\HTWG\AIN\Semester 3\Software-Engineering\ProjektMemory\project\project\project, returning: (projektmemory-build-build-build)[0m
[0m[[0m[0mdebug[0m] [0m[0m                      Load.loadUnit: loadedProjectsRaw took 841.1065ms[0m
[0m[[0m[0mdebug[0m] [0m[0m                      Load.loadUnit: cleanEvalClasses took 10.1234ms[0m
[0m[[0m[0mdebug[0m] [0m[0m                    Load.loadUnit(file:/C:/Users/leo11/OneDrive/Desktop/HTWG/AIN/Semester%203/Software-Engineering/ProjektMemory/project/project/project/, ...) took 960.7726ms[0m
[0m[[0m[0mdebug[0m] [0m[0m                  Load.apply: load took 1122.4427ms[0m
[0m[[0m[0mdebug[0m] [0m[0m                  Load.apply: resolveProjects took 5.7367ms[0m
[0m[[0m[0mdebug[0m] [0m[0m                  Load.apply: finalTransforms took 66.8263ms[0m
[0m[[0m[0mdebug[0m] [0m[0m                  Load.apply: config.delegates took 8.8612ms[0m
[0m[[0m[0mdebug[0m] [0m[0m                  Load.apply: Def.make(settings)... took 547.9289ms[0m
[0m[[0m[0mdebug[0m] [0m[0m                  Load.apply: structureIndex took 126.7399ms[0m
[0m[[0m[0mdebug[0m] [0m[0m                  Load.apply: mkStreams took 2.8895ms[0m
[0m[[0m[0minfo[0m] [0m[0mloading project definition from C:\Users\leo11\OneDrive\Desktop\HTWG\AIN\Semester 3\Software-Engineering\ProjektMemory\project\project\project[0m
[0m[[0m[0mdebug[0m] [0m[0mRunning task... Cancel: Signal, check cycles: false, forcegc: true[0m
[0m[[0m[0mdebug[0m] [0m[0m                Load.loadUnit: plugins took 3208.5405ms[0m
[0m[[0m[0mdebug[0m] [0m[0m                Load.loadUnit: defsScala took 0.0057ms[0m
[0m[[0m[0mdebug[0m] [0m[0m[Loading] Scanning directory C:\Users\leo11\OneDrive\Desktop\HTWG\AIN\Semester 3\Software-Engineering\ProjektMemory\project\project[0m
[0m[[0m[0mdebug[0m] [0m[0m                  Load.loadUnit: mkEval took 0.7477ms[0m
[0m[[0m[0mdebug[0m] [0m[0m[Loading] Found non-root projects [0m
[0m[[0m[0mdebug[0m] [0m[0m[Loading] Done in C:\Users\leo11\OneDrive\Desktop\HTWG\AIN\Semester 3\Software-Engineering\ProjektMemory\project\project, returning: ()[0m
[0m[[0m[0mdebug[0m] [0m[0mdeducing auto plugins based on known facts Set(Atom(sbt.plugins.CorePlugin)) and clauses Clauses(Clause(Atom(sbt.plugins.JvmPlugin),Set(Atom(sbt.plugins.IvyPlugin)))[0m
[0m[[0m[0mdebug[0m] [0m[0mClause(Atom(sbt.ScriptedPlugin),Set(Atom(sbt.plugins.JvmPlugin)))[0m
[0m[[0m[0mdebug[0m] [0m[0mClause(Atom(sbt.plugins.SbtPlugin),Set(Atom(sbt.ScriptedPlugin)))[0m
[0m[[0m[0mdebug[0m] [0m[0mClause(Atom(sbt.plugins.SemanticdbPlugin),Set(Atom(sbt.plugins.JvmPlugin)))[0m
[0m[[0m[0mdebug[0m] [0m[0mClause(Atom(sbt.plugins.JUnitXmlReportPlugin),Set(Atom(sbt.plugins.JvmPlugin)))[0m
[0m[[0m[0mdebug[0m] [0m[0mClause(Atom(sbt.plugins.MiniDependencyTreePlugin),Set(Atom(sbt.plugins.JvmPlugin)))[0m
[0m[[0m[0mdebug[0m] [0m[0mClause(Atom(bloop.integrations.sbt.BloopPlugin),Set(Atom(sbt.plugins.JvmPlugin)))[0m
[0m[[0m[0mdebug[0m] [0m[0mClause(Atom(sbt.plugins.CorePlugin),Set(Atom(sbt.plugins.IvyPlugin)))[0m
[0m[[0m[0mdebug[0m] [0m[0mClause(Atom(sbt.plugins.IvyPlugin),Set(Atom(sbt.plugins.JvmPlugin)))[0m
[0m[[0m[0mdebug[0m] [0m[0mClause(Atom(sbt.plugins.JvmPlugin),Set(Atom(sbt.plugins.SemanticdbPlugin)))[0m
[0m[[0m[0mdebug[0m] [0m[0mClause(Atom(sbt.plugins.JvmPlugin),Set(Atom(sbt.plugins.JUnitXmlReportPlugin)))[0m
[0m[[0m[0mdebug[0m] [0m[0mClause(Atom(sbt.plugins.CorePlugin),Set(Atom(sbt.plugins.Giter8TemplatePlugin)))[0m
[0m[[0m[0mdebug[0m] [0m[0mClause(Atom(sbt.plugins.JvmPlugin),Set(Atom(sbt.plugins.MiniDependencyTreePlugin)))[0m
[0m[[0m[0mdebug[0m] [0m[0mClause(Atom(sbt.plugins.JvmPlugin),Set(Atom(bloop.integrations.sbt.BloopPlugin))))[0m
[0m[[0m[0mdebug[0m] [0m[0m  :: deduced result: Matched(sbt.plugins.CorePlugin,sbt.plugins.Giter8TemplatePlugin,sbt.plugins.IvyPlugin,sbt.plugins.JvmPlugin,bloop.integrations.sbt.BloopPlugin,sbt.plugins.MiniDependencyTreePlugin,sbt.plugins.JUnitXmlReportPlugin,sbt.plugins.SemanticdbPlugin)[0m
[0m[[0m[0mdebug[0m] [0m[0mPlugins.deducer#function took 4.4244 ms[0m
[0m[[0m[0minfo[0m] [0m[0mloading settings for project projektmemory-build-build from metals.sbt ...[0m
[0m[[0m[0mdebug[0m] [0m[0m                    Load.resolveProject(projektmemory-build-build) took 42.8987ms[0m
[0m[[0m[0mdebug[0m] [0m[0m                  Load.loadTransitive: finalizeProject(Project(id projektmemory-build-build, base: C:\Users\leo11\OneDrive\Desktop\HTWG\AIN\Semester 3\Software-Engineering\ProjektMemory\project\project, plugins: List(<none>))) took 48.078ms[0m
[0m[[0m[0mdebug[0m] [0m[0m[Loading] Done in C:\Users\leo11\OneDrive\Desktop\HTWG\AIN\Semester 3\Software-Engineering\ProjektMemory\project\project, returning: (projektmemory-build-build)[0m
[0m[[0m[0mdebug[0m] [0m[0m                Load.loadUnit: loadedProjectsRaw took 104.1331ms[0m
[0m[[0m[0mdebug[0m] [0m[0m                Load.loadUnit: cleanEvalClasses took 2.9385ms[0m
[0m[[0m[0mdebug[0m] [0m[0m              Load.loadUnit(file:/C:/Users/leo11/OneDrive/Desktop/HTWG/AIN/Semester%203/Software-Engineering/ProjektMemory/project/project/, ...) took 3317.3827ms[0m
[0m[[0m[0mdebug[0m] [0m[0m            Load.apply: load took 3320.1074ms[0m
[0m[[0m[0mdebug[0m] [0m[0m            Load.apply: resolveProjects took 0.2006ms[0m
[0m[[0m[0mdebug[0m] [0m[0m            Load.apply: finalTransforms took 34.7233ms[0m
[0m[[0m[0mdebug[0m] [0m[0m            Load.apply: config.delegates took 0.5764ms[0m
[0m[[0m[0mdebug[0m] [0m[0m            Load.apply: Def.make(settings)... took 172.5213ms[0m
[0m[[0m[0mdebug[0m] [0m[0m            Load.apply: structureIndex took 62.3871ms[0m
[0m[[0m[0mdebug[0m] [0m[0m            Load.apply: mkStreams took 0.0034ms[0m
[0m[[0m[0minfo[0m] [0m[0mloading project definition from C:\Users\leo11\OneDrive\Desktop\HTWG\AIN\Semester 3\Software-Engineering\ProjektMemory\project\project[0m
[0m[[0m[0mdebug[0m] [0m[0mEvaluating tasks: bloopInstall[0m
[0m[[0m[0mdebug[0m] [0m[0mRunning task... Cancel: Signal, check cycles: false, forcegc: true[0m
[0m[[0m[32msuccess[0m] [0m[0mGenerated .bloop\projektmemory-build-build.json[0m
[0m[[0m[32msuccess[0m] [0m[0mTotal time: 9 s, completed 03.05.2024 10:45:48[0m
[0m[[0m[0mdebug[0m] [0m[0mRunning task... Cancel: Signal, check cycles: false, forcegc: true[0m
[0m[[0m[0mdebug[0m] [0m[0m          Load.loadUnit: plugins took 12926.2226ms[0m
[0m[[0m[0mdebug[0m] [0m[0m          Load.loadUnit: defsScala took 0.0084ms[0m
[0m[[0m[0mdebug[0m] [0m[0m[Loading] Scanning directory C:\Users\leo11\OneDrive\Desktop\HTWG\AIN\Semester 3\Software-Engineering\ProjektMemory\project[0m
[0m[[0m[0mdebug[0m] [0m[0m            Load.loadUnit: mkEval took 0.8812ms[0m
[0m[[0m[0mdebug[0m] [0m[0m[Loading] Found non-root projects [0m
[0m[[0m[0mdebug[0m] [0m[0m[Loading] Done in C:\Users\leo11\OneDrive\Desktop\HTWG\AIN\Semester 3\Software-Engineering\ProjektMemory\project, returning: ()[0m
[0m[[0m[0mdebug[0m] [0m[0mdeducing auto plugins based on known facts Set(Atom(sbt.plugins.CorePlugin)) and clauses Clauses(Clause(Atom(sbt.plugins.JvmPlugin),Set(Atom(sbt.plugins.IvyPlugin)))[0m
[0m[[0m[0mdebug[0m] [0m[0mClause(Atom(sbt.ScriptedPlugin),Set(Atom(sbt.plugins.JvmPlugin)))[0m
[0m[[0m[0mdebug[0m] [0m[0mClause(Atom(sbt.plugins.SbtPlugin),Set(Atom(sbt.ScriptedPlugin)))[0m
[0m[[0m[0mdebug[0m] [0m[0mClause(Atom(sbt.plugins.SemanticdbPlugin),Set(Atom(sbt.plugins.JvmPlugin)))[0m
[0m[[0m[0mdebug[0m] [0m[0mClause(Atom(sbt.plugins.JUnitXmlReportPlugin),Set(Atom(sbt.plugins.JvmPlugin)))[0m
[0m[[0m[0mdebug[0m] [0m[0mClause(Atom(sbt.plugins.MiniDependencyTreePlugin),Set(Atom(sbt.plugins.JvmPlugin)))[0m
[0m[[0m[0mdebug[0m] [0m[0mClause(Atom(bloop.integrations.sbt.BloopPlugin),Set(Atom(sbt.plugins.JvmPlugin)))[0m
[0m[[0m[0mdebug[0m] [0m[0mClause(Atom(sbt.plugins.CorePlugin),Set(Atom(sbt.plugins.IvyPlugin)))[0m
[0m[[0m[0mdebug[0m] [0m[0mClause(Atom(sbt.plugins.IvyPlugin),Set(Atom(sbt.plugins.JvmPlugin)))[0m
[0m[[0m[0mdebug[0m] [0m[0mClause(Atom(sbt.plugins.JvmPlugin),Set(Atom(sbt.plugins.SemanticdbPlugin)))[0m
[0m[[0m[0mdebug[0m] [0m[0mClause(Atom(sbt.plugins.JvmPlugin),Set(Atom(sbt.plugins.JUnitXmlReportPlugin)))[0m
[0m[[0m[0mdebug[0m] [0m[0mClause(Atom(sbt.plugins.CorePlugin),Set(Atom(sbt.plugins.Giter8TemplatePlugin)))[0m
[0m[[0m[0mdebug[0m] [0m[0mClause(Atom(sbt.plugins.JvmPlugin),Set(Atom(sbt.plugins.MiniDependencyTreePlugin)))[0m
[0m[[0m[0mdebug[0m] [0m[0mClause(Atom(sbt.plugins.JvmPlugin),Set(Atom(bloop.integrations.sbt.BloopPlugin))))[0m
[0m[[0m[0mdebug[0m] [0m[0m  :: deduced result: Matched(sbt.plugins.CorePlugin,sbt.plugins.Giter8TemplatePlugin,sbt.plugins.IvyPlugin,sbt.plugins.JvmPlugin,bloop.integrations.sbt.BloopPlugin,sbt.plugins.MiniDependencyTreePlugin,sbt.plugins.JUnitXmlReportPlugin,sbt.plugins.SemanticdbPlugin)[0m
[0m[[0m[0mdebug[0m] [0m[0mPlugins.deducer#function took 9.4983 ms[0m
[0m[[0m[0minfo[0m] [0m[0mloading settings for project projektmemory-build from metals.sbt,plugins.sbt ...[0m
[0m[[0m[0mdebug[0m] [0m[0m              Load.resolveProject(projektmemory-build) took 88.3285ms[0m
[0m[[0m[0mdebug[0m] [0m[0m            Load.loadTransitive: finalizeProject(Project(id projektmemory-build, base: C:\Users\leo11\OneDrive\Desktop\HTWG\AIN\Semester 3\Software-Engineering\ProjektMemory\project, plugins: List(<none>))) took 99.34ms[0m
[0m[[0m[0mdebug[0m] [0m[0m[Loading] Done in C:\Users\leo11\OneDrive\Desktop\HTWG\AIN\Semester 3\Software-Engineering\ProjektMemory\project, returning: (projektmemory-build)[0m
[0m[[0m[0mdebug[0m] [0m[0m          Load.loadUnit: loadedProjectsRaw took 233.3395ms[0m
[0m[[0m[0mdebug[0m] [0m[0m          Load.loadUnit: cleanEvalClasses took 9.5923ms[0m
[0m[[0m[0mdebug[0m] [0m[0m        Load.loadUnit(file:/C:/Users/leo11/OneDrive/Desktop/HTWG/AIN/Semester%203/Software-Engineering/ProjektMemory/project/, ...) took 13171.7973ms[0m
[0m[[0m[0mdebug[0m] [0m[0m      Load.apply: load took 13176.6429ms[0m
[0m[[0m[0mdebug[0m] [0m[0m      Load.apply: resolveProjects took 0.3139ms[0m
[0m[[0m[0mdebug[0m] [0m[0m      Load.apply: finalTransforms took 56.1964ms[0m
[0m[[0m[0mdebug[0m] [0m[0m      Load.apply: config.delegates took 1.0095ms[0m
[0m[[0m[0mdebug[0m] [0m[0m      Load.apply: Def.make(settings)... took 265.3081ms[0m
[0m[[0m[0mdebug[0m] [0m[0m      Load.apply: structureIndex took 92.0394ms[0m
[0m[[0m[0mdebug[0m] [0m[0m      Load.apply: mkStreams took 0.0062ms[0m
[0m[[0m[0minfo[0m] [0m[0mloading project definition from C:\Users\leo11\OneDrive\Desktop\HTWG\AIN\Semester 3\Software-Engineering\ProjektMemory\project[0m
[0m[[0m[0mdebug[0m] [0m[0mEvaluating tasks: bloopInstall[0m
[0m[[0m[0mdebug[0m] [0m[0mRunning task... Cancel: Signal, check cycles: false, forcegc: true[0m
[0m[[0m[33mwarn[0m] [0m[0mCanceling execution...[0m
[0m[[0m[31merror[0m] [0m[0mCancelled: loadp[0m
[0m[[0m[31merror[0m] [0m[0mCancelled: loadp[0m
[0m[[0m[31merror[0m] [0m[0mUse 'last' for the full log.[0m
[0m[[0m[0mdebug[0m] [0m[0m> Exec(loadFailed, None, None)[0m
[0m[[0m[33mwarn[0m] [0m[0mProject loading failed: (r)etry, (q)uit, (l)ast, or (i)gnore? (default: r)[0m
