2024.06.21 13:30:46 INFO  Started: Metals version 1.3.2 in folders 'C:\Users\leo11\OneDrive\Desktop\HTWG\AIN\Semester 3\Software-Engineering\ProjektMemory' for client Visual Studio Code 1.90.2.
SLF4J(W): Class path contains multiple SLF4J providers.
SLF4J(W): Found provider [scribe.slf4j.ScribeServiceProvider@101a67fc]
SLF4J(W): Found provider [ch.qos.logback.classic.spi.LogbackServiceProvider@3b657e08]
SLF4J(W): See https://www.slf4j.org/codes.html#multiple_bindings for an explanation.
SLF4J(I): Actual provider is of type [scribe.slf4j.ScribeServiceProvider@101a67fc]
2024.06.21 13:30:48 WARN  Flyway upgrade recommended: H2 2.2.224 is newer than this version of Flyway and support has not been tested. The latest supported version of H2 is 2.2.220.
2024.06.21 13:30:49 INFO  Attempting to connect to the build server...
2024.06.21 13:30:49 INFO  tracing is disabled for protocol BSP, to enable tracing of incoming and outgoing JSON messages create an empty file at C:\Users\leo11\OneDrive\Desktop\HTWG\AIN\Semester 3\Software-Engineering\ProjektMemory\.metals\bsp.trace.json or C:\Users\leo11\AppData\Local\scalameta\metals\cache\bsp.trace.json
2024.06.21 13:30:49 INFO  Attempting to connect to the build server...
2024.06.21 13:30:49 INFO  Attempting to connect to the build server...
2024.06.21 13:30:49 INFO  tracing is disabled for protocol BSP, to enable tracing of incoming and outgoing JSON messages create an empty file at C:\Users\leo11\OneDrive\Desktop\HTWG\AIN\Semester 3\Software-Engineering\ProjektMemory\project\project\.metals\bsp.trace.json or C:\Users\leo11\AppData\Local\scalameta\metals\cache\bsp.trace.json
2024.06.21 13:30:49 INFO  tracing is disabled for protocol BSP, to enable tracing of incoming and outgoing JSON messages create an empty file at C:\Users\leo11\OneDrive\Desktop\HTWG\AIN\Semester 3\Software-Engineering\ProjektMemory\project\.metals\bsp.trace.json or C:\Users\leo11\AppData\Local\scalameta\metals\cache\bsp.trace.json
2024.06.21 13:30:49 INFO  time: Connected to build server in 0.45s
2024.06.21 13:30:49 INFO  Connected to Build server: Bloop v1.5.18
2024.06.21 13:30:49 INFO  time: Imported build in 0.15s
2024.06.21 13:31:00 INFO  time: indexed workspace in 10s
2024.06.21 13:31:10 INFO  compiling projektmemory (2 scala sources)
2024.06.21 13:31:10 INFO  time: compiled projektmemory in 0.81s
2024.06.21 13:31:11 WARN  Could not load snapshot text for C:\Users\leo11\OneDrive\Desktop\HTWG\AIN\Semester 3\Software-Engineering\ProjektMemory\src\main\scala\Memory.scala
2024.06.21 13:32:52 WARN  Could not load snapshot text for C:\Users\leo11\OneDrive\Desktop\HTWG\AIN\Semester 3\Software-Engineering\ProjektMemory\src\main\scala\Memory.scala
2024.06.21 13:33:55 WARN  Could not load snapshot text for C:\Users\leo11\OneDrive\Desktop\HTWG\AIN\Semester 3\Software-Engineering\ProjektMemory\src\main\scala\aview\tui.scala
2024.06.21 13:34:22 WARN  Could not load snapshot text for C:\Users\leo11\OneDrive\Desktop\HTWG\AIN\Semester 3\Software-Engineering\ProjektMemory\src\main\scala\aview\tui.scala
2024.06.21 13:34:28 WARN  Could not load snapshot text for C:\Users\leo11\OneDrive\Desktop\HTWG\AIN\Semester 3\Software-Engineering\ProjektMemory\src\main\scala\aview\tui.scala
Juni 21, 2024 1:34:35 PM org.eclipse.lsp4j.jsonrpc.RemoteEndpoint handleNotification
WARNUNG: Notification threw an exception: {
  "jsonrpc": "2.0",
  "method": "metals/didFocusTextDocument",
  "params": [
    "git:/c%3A/Users/leo11/OneDrive/Desktop/HTWG/AIN/Semester%203/Software-Engineering/ProjektMemory/src/main/scala/aview/tui.scala?%7B%22path%22%3A%22c%3A%5C%5CUsers%5C%5Cleo11%5C%5COneDrive%5C%5CDesktop%5C%5CHTWG%5C%5CAIN%5C%5CSemester%203%5C%5CSoftware-Engineering%5C%5CProjektMemory%5C%5Csrc%5C%5Cmain%5C%5Cscala%5C%5Caview%5C%5Ctui.scala%22%2C%22ref%22%3A%22~%22%7D"
  ]
}
java.nio.file.FileSystemNotFoundException: Provider "git" not installed
	at java.base/java.nio.file.Path.of(Path.java:213)
	at java.base/java.nio.file.Paths.get(Paths.java:98)
	at scala.meta.internal.mtags.MtagsEnrichments$XtensionURIMtags.toAbsolutePath(MtagsEnrichments.scala:131)
	at scala.meta.internal.mtags.MtagsEnrichments$XtensionStringMtags.toAbsolutePath(MtagsEnrichments.scala:187)
	at scala.meta.internal.metals.MetalsEnrichments$XtensionString.toAbsolutePath(MetalsEnrichments.scala:756)
	at scala.meta.internal.metals.MetalsEnrichments$XtensionString.toAbsolutePath(MetalsEnrichments.scala:753)
	at scala.meta.internal.metals.WorkspaceLspService.didFocus(WorkspaceLspService.scala:695)
	at scala.meta.metals.lsp.DelegatingScalaService.didFocus(DelegatingScalaService.scala:43)
	at java.base/jdk.internal.reflect.DirectMethodHandleAccessor.invoke(DirectMethodHandleAccessor.java:103)
	at java.base/java.lang.reflect.Method.invoke(Method.java:580)
	at org.eclipse.lsp4j.jsonrpc.services.GenericEndpoint.lambda$recursiveFindRpcMethods$0(GenericEndpoint.java:65)
	at org.eclipse.lsp4j.jsonrpc.services.GenericEndpoint.notify(GenericEndpoint.java:160)
	at org.eclipse.lsp4j.jsonrpc.RemoteEndpoint.handleNotification(RemoteEndpoint.java:231)
	at org.eclipse.lsp4j.jsonrpc.RemoteEndpoint.consume(RemoteEndpoint.java:198)
	at org.eclipse.lsp4j.jsonrpc.json.StreamMessageProducer.handleMessage(StreamMessageProducer.java:185)
	at org.eclipse.lsp4j.jsonrpc.json.StreamMessageProducer.listen(StreamMessageProducer.java:97)
	at org.eclipse.lsp4j.jsonrpc.json.ConcurrentMessageProcessor.run(ConcurrentMessageProcessor.java:114)
	at java.base/java.util.concurrent.Executors$RunnableAdapter.call(Executors.java:572)
	at java.base/java.util.concurrent.FutureTask.run(FutureTask.java:317)
	at java.base/java.util.concurrent.ThreadPoolExecutor.runWorker(ThreadPoolExecutor.java:1144)
	at java.base/java.util.concurrent.ThreadPoolExecutor$Worker.run(ThreadPoolExecutor.java:642)
	at java.base/java.lang.Thread.run(Thread.java:1570)

Juni 21, 2024 1:34:46 PM org.eclipse.lsp4j.jsonrpc.RemoteEndpoint handleNotification
WARNUNG: Notification threw an exception: {
  "jsonrpc": "2.0",
  "method": "metals/didFocusTextDocument",
  "params": [
    "vscode-local-history:/c%3A/Users/leo11/OneDrive/Desktop/HTWG/AIN/Semester%203/Software-Engineering/ProjektMemory/src/main/scala/aview/tui.scala?%7B%22location%22%3A%22file%3A%2F%2F%2Fc%3A%2FUsers%2Fleo11%2FAppData%2FRoaming%2FCode%2FUser%2FHistory%2F7f6edabe%2FVHAE.scala%22%2C%22associatedResource%22%3A%22file%3A%2F%2F%2Fc%3A%2FUsers%2Fleo11%2FOneDrive%2FDesktop%2FHTWG%2FAIN%2FSemester%203%2FSoftware-Engineering%2FProjektMemory%2Fsrc%2Fmain%2Fscala%2Faview%2Ftui.scala%22%7D"
  ]
}
java.nio.file.FileSystemNotFoundException: Provider "vscode-local-history" not installed
	at java.base/java.nio.file.Path.of(Path.java:213)
	at java.base/java.nio.file.Paths.get(Paths.java:98)
	at scala.meta.internal.mtags.MtagsEnrichments$XtensionURIMtags.toAbsolutePath(MtagsEnrichments.scala:131)
	at scala.meta.internal.mtags.MtagsEnrichments$XtensionStringMtags.toAbsolutePath(MtagsEnrichments.scala:187)
	at scala.meta.internal.metals.MetalsEnrichments$XtensionString.toAbsolutePath(MetalsEnrichments.scala:756)
	at scala.meta.internal.metals.MetalsEnrichments$XtensionString.toAbsolutePath(MetalsEnrichments.scala:753)
	at scala.meta.internal.metals.WorkspaceLspService.didFocus(WorkspaceLspService.scala:695)
	at scala.meta.metals.lsp.DelegatingScalaService.didFocus(DelegatingScalaService.scala:43)
	at java.base/jdk.internal.reflect.DirectMethodHandleAccessor.invoke(DirectMethodHandleAccessor.java:103)
	at java.base/java.lang.reflect.Method.invoke(Method.java:580)
	at org.eclipse.lsp4j.jsonrpc.services.GenericEndpoint.lambda$recursiveFindRpcMethods$0(GenericEndpoint.java:65)
	at org.eclipse.lsp4j.jsonrpc.services.GenericEndpoint.notify(GenericEndpoint.java:160)
	at org.eclipse.lsp4j.jsonrpc.RemoteEndpoint.handleNotification(RemoteEndpoint.java:231)
	at org.eclipse.lsp4j.jsonrpc.RemoteEndpoint.consume(RemoteEndpoint.java:198)
	at org.eclipse.lsp4j.jsonrpc.json.StreamMessageProducer.handleMessage(StreamMessageProducer.java:185)
	at org.eclipse.lsp4j.jsonrpc.json.StreamMessageProducer.listen(StreamMessageProducer.java:97)
	at org.eclipse.lsp4j.jsonrpc.json.ConcurrentMessageProcessor.run(ConcurrentMessageProcessor.java:114)
	at java.base/java.util.concurrent.Executors$RunnableAdapter.call(Executors.java:572)
	at java.base/java.util.concurrent.FutureTask.run(FutureTask.java:317)
	at java.base/java.util.concurrent.ThreadPoolExecutor.runWorker(ThreadPoolExecutor.java:1144)
	at java.base/java.util.concurrent.ThreadPoolExecutor$Worker.run(ThreadPoolExecutor.java:642)
	at java.base/java.lang.Thread.run(Thread.java:1570)

2024.06.21 13:34:53 WARN  Could not load snapshot text for C:\Users\leo11\OneDrive\Desktop\HTWG\AIN\Semester 3\Software-Engineering\ProjektMemory\src\main\scala\aview\tui.scala
2024.06.21 13:34:59 WARN  Could not load snapshot text for C:\Users\leo11\OneDrive\Desktop\HTWG\AIN\Semester 3\Software-Engineering\ProjektMemory\src\main\scala\aview\tui.scala
2024.06.21 13:35:01 INFO  compiling projektmemory (2 scala sources)
2024.06.21 13:35:01 INFO  time: compiled projektmemory in 0.19s
2024.06.21 13:35:01 WARN  Could not load snapshot text for C:\Users\leo11\OneDrive\Desktop\HTWG\AIN\Semester 3\Software-Engineering\ProjektMemory\src\main\scala\aview\tui.scala
2024.06.21 13:35:17 WARN  Could not load snapshot text for C:\Users\leo11\OneDrive\Desktop\HTWG\AIN\Semester 3\Software-Engineering\ProjektMemory\src\main\scala\Memory.scala
Juni 21, 2024 1:35:21 PM org.eclipse.lsp4j.jsonrpc.RemoteEndpoint handleNotification
WARNUNG: Notification threw an exception: {
  "jsonrpc": "2.0",
  "method": "metals/didFocusTextDocument",
  "params": [
    "vscode-local-history:/c%3A/Users/leo11/OneDrive/Desktop/HTWG/AIN/Semester%203/Software-Engineering/ProjektMemory/src/main/scala/Memory.scala?%7B%22location%22%3A%22file%3A%2F%2F%2Fc%3A%2FUsers%2Fleo11%2FAppData%2FRoaming%2FCode%2FUser%2FHistory%2F-2a7e658e%2F7MrX.scala%22%2C%22associatedResource%22%3A%22file%3A%2F%2F%2Fc%3A%2FUsers%2Fleo11%2FOneDrive%2FDesktop%2FHTWG%2FAIN%2FSemester%203%2FSoftware-Engineering%2FProjektMemory%2Fsrc%2Fmain%2Fscala%2FMemory.scala%22%7D"
  ]
}
java.nio.file.FileSystemNotFoundException: Provider "vscode-local-history" not installed
	at java.base/java.nio.file.Path.of(Path.java:213)
	at java.base/java.nio.file.Paths.get(Paths.java:98)
	at scala.meta.internal.mtags.MtagsEnrichments$XtensionURIMtags.toAbsolutePath(MtagsEnrichments.scala:131)
	at scala.meta.internal.mtags.MtagsEnrichments$XtensionStringMtags.toAbsolutePath(MtagsEnrichments.scala:187)
	at scala.meta.internal.metals.MetalsEnrichments$XtensionString.toAbsolutePath(MetalsEnrichments.scala:756)
	at scala.meta.internal.metals.MetalsEnrichments$XtensionString.toAbsolutePath(MetalsEnrichments.scala:753)
	at scala.meta.internal.metals.WorkspaceLspService.didFocus(WorkspaceLspService.scala:695)
	at scala.meta.metals.lsp.DelegatingScalaService.didFocus(DelegatingScalaService.scala:43)
	at java.base/jdk.internal.reflect.DirectMethodHandleAccessor.invoke(DirectMethodHandleAccessor.java:103)
	at java.base/java.lang.reflect.Method.invoke(Method.java:580)
	at org.eclipse.lsp4j.jsonrpc.services.GenericEndpoint.lambda$recursiveFindRpcMethods$0(GenericEndpoint.java:65)
	at org.eclipse.lsp4j.jsonrpc.services.GenericEndpoint.notify(GenericEndpoint.java:160)
	at org.eclipse.lsp4j.jsonrpc.RemoteEndpoint.handleNotification(RemoteEndpoint.java:231)
	at org.eclipse.lsp4j.jsonrpc.RemoteEndpoint.consume(RemoteEndpoint.java:198)
	at org.eclipse.lsp4j.jsonrpc.json.StreamMessageProducer.handleMessage(StreamMessageProducer.java:185)
	at org.eclipse.lsp4j.jsonrpc.json.StreamMessageProducer.listen(StreamMessageProducer.java:97)
	at org.eclipse.lsp4j.jsonrpc.json.ConcurrentMessageProcessor.run(ConcurrentMessageProcessor.java:114)
	at java.base/java.util.concurrent.Executors$RunnableAdapter.call(Executors.java:572)
	at java.base/java.util.concurrent.FutureTask.run(FutureTask.java:317)
	at java.base/java.util.concurrent.ThreadPoolExecutor.runWorker(ThreadPoolExecutor.java:1144)
	at java.base/java.util.concurrent.ThreadPoolExecutor$Worker.run(ThreadPoolExecutor.java:642)
	at java.base/java.lang.Thread.run(Thread.java:1570)

2024.06.21 13:35:24 WARN  Could not load snapshot text for C:\Users\leo11\OneDrive\Desktop\HTWG\AIN\Semester 3\Software-Engineering\ProjektMemory\src\main\scala\Memory.scala
2024.06.21 13:35:26 WARN  Could not load snapshot text for C:\Users\leo11\OneDrive\Desktop\HTWG\AIN\Semester 3\Software-Engineering\ProjektMemory\src\main\scala\Memory.scala
2024.06.21 13:35:28 INFO  compiling projektmemory (1 scala source)
2024.06.21 13:35:28 INFO  time: compiled projektmemory in 0.8s
Juni 21, 2024 1:35:35 PM org.eclipse.lsp4j.jsonrpc.RemoteEndpoint handleNotification
WARNUNG: Notification threw an exception: {
  "jsonrpc": "2.0",
  "method": "metals/didFocusTextDocument",
  "params": [
    "vscode-local-history:/c%3A/Users/leo11/OneDrive/Desktop/HTWG/AIN/Semester%203/Software-Engineering/ProjektMemory/build.sbt?%7B%22location%22%3A%22file%3A%2F%2F%2Fc%3A%2FUsers%2Fleo11%2FAppData%2FRoaming%2FCode%2FUser%2FHistory%2F303fdcea%2FKDAg.sbt%22%2C%22associatedResource%22%3A%22file%3A%2F%2F%2Fc%3A%2FUsers%2Fleo11%2FOneDrive%2FDesktop%2FHTWG%2FAIN%2FSemester%203%2FSoftware-Engineering%2FProjektMemory%2Fbuild.sbt%22%7D"
  ]
}
java.nio.file.FileSystemNotFoundException: Provider "vscode-local-history" not installed
	at java.base/java.nio.file.Path.of(Path.java:213)
	at java.base/java.nio.file.Paths.get(Paths.java:98)
	at scala.meta.internal.mtags.MtagsEnrichments$XtensionURIMtags.toAbsolutePath(MtagsEnrichments.scala:131)
	at scala.meta.internal.mtags.MtagsEnrichments$XtensionStringMtags.toAbsolutePath(MtagsEnrichments.scala:187)
	at scala.meta.internal.metals.MetalsEnrichments$XtensionString.toAbsolutePath(MetalsEnrichments.scala:756)
	at scala.meta.internal.metals.MetalsEnrichments$XtensionString.toAbsolutePath(MetalsEnrichments.scala:753)
	at scala.meta.internal.metals.WorkspaceLspService.didFocus(WorkspaceLspService.scala:695)
	at scala.meta.metals.lsp.DelegatingScalaService.didFocus(DelegatingScalaService.scala:43)
	at java.base/jdk.internal.reflect.DirectMethodHandleAccessor.invoke(DirectMethodHandleAccessor.java:103)
	at java.base/java.lang.reflect.Method.invoke(Method.java:580)
	at org.eclipse.lsp4j.jsonrpc.services.GenericEndpoint.lambda$recursiveFindRpcMethods$0(GenericEndpoint.java:65)
	at org.eclipse.lsp4j.jsonrpc.services.GenericEndpoint.notify(GenericEndpoint.java:160)
	at org.eclipse.lsp4j.jsonrpc.RemoteEndpoint.handleNotification(RemoteEndpoint.java:231)
	at org.eclipse.lsp4j.jsonrpc.RemoteEndpoint.consume(RemoteEndpoint.java:198)
	at org.eclipse.lsp4j.jsonrpc.json.StreamMessageProducer.handleMessage(StreamMessageProducer.java:185)
	at org.eclipse.lsp4j.jsonrpc.json.StreamMessageProducer.listen(StreamMessageProducer.java:97)
	at org.eclipse.lsp4j.jsonrpc.json.ConcurrentMessageProcessor.run(ConcurrentMessageProcessor.java:114)
	at java.base/java.util.concurrent.Executors$RunnableAdapter.call(Executors.java:572)
	at java.base/java.util.concurrent.FutureTask.run(FutureTask.java:317)
	at java.base/java.util.concurrent.ThreadPoolExecutor.runWorker(ThreadPoolExecutor.java:1144)
	at java.base/java.util.concurrent.ThreadPoolExecutor$Worker.run(ThreadPoolExecutor.java:642)
	at java.base/java.lang.Thread.run(Thread.java:1570)

2024.06.21 13:35:35 INFO  time: code lens generation in 3.38s
2024.06.21 13:35:48 INFO  running 'C:\Program Files\Java\jdk-22\bin\java.exe -Djline.terminal=jline.UnsupportedTerminal -Dsbt.log.noformat=true -Dfile.encoding=UTF-8 -jar C:\Users\leo11\AppData\Local\Temp\metals12226851004201678295\sbt-launch.jar -Dbloop.export-jar-classifiers=sources bloopInstall'
2024.06.21 13:35:51 INFO  [info] welcome to sbt 1.9.8 (Oracle Corporation Java 22.0.1)
2024.06.21 13:35:51 INFO  [info] loading settings for project projektmemory-build-build-build from metals.sbt ...
2024.06.21 13:35:53 INFO  [info] loading project definition from C:\Users\leo11\OneDrive\Desktop\HTWG\AIN\Semester 3\Software-Engineering\ProjektMemory\project\project\project
2024.06.21 13:35:55 INFO  [info] loading settings for project projektmemory-build-build from metals.sbt ...
2024.06.21 13:35:55 INFO  [info] loading project definition from C:\Users\leo11\OneDrive\Desktop\HTWG\AIN\Semester 3\Software-Engineering\ProjektMemory\project\project
2024.06.21 13:35:58 INFO  [success] Generated .bloop\projektmemory-build-build.json
2024.06.21 13:35:58 INFO  [success] Total time: 3 s, completed 21.06.2024, 13:35:58
2024.06.21 13:35:58 INFO  [info] loading settings for project projektmemory-build from metals.sbt,plugins.sbt ...
2024.06.21 13:35:58 INFO  [info] loading project definition from C:\Users\leo11\OneDrive\Desktop\HTWG\AIN\Semester 3\Software-Engineering\ProjektMemory\project
2024.06.21 13:36:01 INFO  [success] Generated .bloop\projektmemory-build.json
2024.06.21 13:36:01 INFO  [success] Total time: 3 s, completed 21.06.2024, 13:36:01
2024.06.21 13:36:01 INFO  [info] loading settings for project projektmemory from build.sbt ...
2024.06.21 13:36:01 INFO  [info] set current project to ProjektMemory (in build file:/C:/Users/leo11/OneDrive/Desktop/HTWG/AIN/Semester%203/Software-Engineering/ProjektMemory/)
2024.06.21 13:36:03 INFO  [success] Generated .bloop\projektmemory.json
2024.06.21 13:36:03 INFO  [success] Generated .bloop\projektmemory-test.json
2024.06.21 13:36:03 INFO  [success] Total time: 1 s, completed 21.06.2024, 13:36:03
2024.06.21 13:36:03 INFO  time: ran 'sbt bloopInstall' in 14s
2024.06.21 13:36:03 INFO  Disconnecting from Bloop session...
2024.06.21 13:36:03 INFO  Shut down connection with build server.
2024.06.21 13:36:03 INFO  Shut down connection with build server.
2024.06.21 13:36:03 INFO  Shut down connection with build server.
2024.06.21 13:36:03 INFO  Attempting to connect to the build server...
2024.06.21 13:36:03 INFO  tracing is disabled for protocol BSP, to enable tracing of incoming and outgoing JSON messages create an empty file at C:\Users\leo11\OneDrive\Desktop\HTWG\AIN\Semester 3\Software-Engineering\ProjektMemory\.metals\bsp.trace.json or C:\Users\leo11\AppData\Local\scalameta\metals\cache\bsp.trace.json
2024.06.21 13:36:03 INFO  Attempting to connect to the build server...
2024.06.21 13:36:03 INFO  Attempting to connect to the build server...
2024.06.21 13:36:03 INFO  tracing is disabled for protocol BSP, to enable tracing of incoming and outgoing JSON messages create an empty file at C:\Users\leo11\OneDrive\Desktop\HTWG\AIN\Semester 3\Software-Engineering\ProjektMemory\project\project\.metals\bsp.trace.json or C:\Users\leo11\AppData\Local\scalameta\metals\cache\bsp.trace.json
2024.06.21 13:36:03 INFO  tracing is disabled for protocol BSP, to enable tracing of incoming and outgoing JSON messages create an empty file at C:\Users\leo11\OneDrive\Desktop\HTWG\AIN\Semester 3\Software-Engineering\ProjektMemory\project\.metals\bsp.trace.json or C:\Users\leo11\AppData\Local\scalameta\metals\cache\bsp.trace.json
2024.06.21 13:36:03 INFO  time: Connected to build server in 0.11s
2024.06.21 13:36:03 INFO  Connected to Build server: Bloop v1.5.18
2024.06.21 13:36:07 INFO  time: indexed workspace in 3.72s
Juni 21, 2024 1:36:09 PM org.eclipse.lsp4j.jsonrpc.services.GenericEndpoint notify
INFORMATION: Unsupported notification method: $/setTrace
2024.06.21 13:36:49 WARN  Invalid text document uri received from build server: file:///C:/Users/leo11/OneDrive/Desktop/HTWG/AIN/Semester%203/Software-Engineering/ProjektMemory/src/main/scala/controller/InputHandler.scala
2024.06.21 13:36:49 INFO  BSP server: 
Found names but no class, trait or object is defined in the compilation unit.
The incremental compiler cannot record the dependency information in such case.
Some errors like unused import referring to a non-existent class might not be reported.
    
2024.06.21 13:36:49 WARN  Invalid text document uri received from build server: file:///C:/Users/leo11/OneDrive/Desktop/HTWG/AIN/Semester%203/Software-Engineering/ProjektMemory/src/main/scala/aview/Gui.scala
2024.06.21 13:36:49 INFO  BSP server: 
Found names but no class, trait or object is defined in the compilation unit.
The incremental compiler cannot record the dependency information in such case.
Some errors like unused import referring to a non-existent class might not be reported.
    
2024.06.21 13:36:49 WARN  Invalid text document uri received from build server: file:///C:/Users/leo11/OneDrive/Desktop/HTWG/AIN/Semester%203/Software-Engineering/ProjektMemory/src/main/scala/aview/StartGui.scala
2024.06.21 13:36:49 INFO  BSP server: 
Found names but no class, trait or object is defined in the compilation unit.
The incremental compiler cannot record the dependency information in such case.
Some errors like unused import referring to a non-existent class might not be reported.
    
2024.06.21 13:36:49 WARN  Invalid text document uri received from build server: file:///C:/Users/leo11/OneDrive/Desktop/HTWG/AIN/Semester%203/Software-Engineering/ProjektMemory/src/main/scala/aview/GuiStart.scala
2024.06.21 13:36:49 INFO  BSP server: 
Found names but no class, trait or object is defined in the compilation unit.
The incremental compiler cannot record the dependency information in such case.
Some errors like unused import referring to a non-existent class might not be reported.
    
2024.06.21 13:37:27 INFO  compiling projektmemory-test (12 scala sources)
2024.06.21 13:37:29 INFO  time: compiled projektmemory-test in 2.4s
2024.06.21 13:37:30 WARN  Could not load snapshot text for C:\Users\leo11\OneDrive\Desktop\HTWG\AIN\Semester 3\Software-Engineering\ProjektMemory\src\test\scala\aview\TuiSpec.scala
Juni 21, 2024 1:37:35 PM org.eclipse.lsp4j.jsonrpc.RemoteEndpoint handleCancellation
WARNUNG: Unmatched cancel notification for request id 289
Juni 21, 2024 1:37:36 PM org.eclipse.lsp4j.jsonrpc.RemoteEndpoint handleNotification
WARNUNG: Notification threw an exception: {
  "jsonrpc": "2.0",
  "method": "metals/didFocusTextDocument",
  "params": [
    "vscode-local-history:/c%3A/Users/leo11/OneDrive/Desktop/HTWG/AIN/Semester%203/Software-Engineering/ProjektMemory/src/test/scala/aview/TuiSpec.scala?%7B%22location%22%3A%22file%3A%2F%2F%2Fc%3A%2FUsers%2Fleo11%2FAppData%2FRoaming%2FCode%2FUser%2FHistory%2F1f4df4d2%2FqaTi.scala%22%2C%22associatedResource%22%3A%22file%3A%2F%2F%2Fc%3A%2FUsers%2Fleo11%2FOneDrive%2FDesktop%2FHTWG%2FAIN%2FSemester%203%2FSoftware-Engineering%2FProjektMemory%2Fsrc%2Ftest%2Fscala%2Faview%2FTuiSpec.scala%22%7D"
  ]
}
java.nio.file.FileSystemNotFoundException: Provider "vscode-local-history" not installed
	at java.base/java.nio.file.Path.of(Path.java:213)
	at java.base/java.nio.file.Paths.get(Paths.java:98)
	at scala.meta.internal.mtags.MtagsEnrichments$XtensionURIMtags.toAbsolutePath(MtagsEnrichments.scala:131)
	at scala.meta.internal.mtags.MtagsEnrichments$XtensionStringMtags.toAbsolutePath(MtagsEnrichments.scala:187)
	at scala.meta.internal.metals.MetalsEnrichments$XtensionString.toAbsolutePath(MetalsEnrichments.scala:756)
	at scala.meta.internal.metals.MetalsEnrichments$XtensionString.toAbsolutePath(MetalsEnrichments.scala:753)
	at scala.meta.internal.metals.WorkspaceLspService.didFocus(WorkspaceLspService.scala:695)
	at scala.meta.metals.lsp.DelegatingScalaService.didFocus(DelegatingScalaService.scala:43)
	at java.base/jdk.internal.reflect.DirectMethodHandleAccessor.invoke(DirectMethodHandleAccessor.java:103)
	at java.base/java.lang.reflect.Method.invoke(Method.java:580)
	at org.eclipse.lsp4j.jsonrpc.services.GenericEndpoint.lambda$recursiveFindRpcMethods$0(GenericEndpoint.java:65)
	at org.eclipse.lsp4j.jsonrpc.services.GenericEndpoint.notify(GenericEndpoint.java:160)
	at org.eclipse.lsp4j.jsonrpc.RemoteEndpoint.handleNotification(RemoteEndpoint.java:231)
	at org.eclipse.lsp4j.jsonrpc.RemoteEndpoint.consume(RemoteEndpoint.java:198)
	at org.eclipse.lsp4j.jsonrpc.json.StreamMessageProducer.handleMessage(StreamMessageProducer.java:185)
	at org.eclipse.lsp4j.jsonrpc.json.StreamMessageProducer.listen(StreamMessageProducer.java:97)
	at org.eclipse.lsp4j.jsonrpc.json.ConcurrentMessageProcessor.run(ConcurrentMessageProcessor.java:114)
	at java.base/java.util.concurrent.Executors$RunnableAdapter.call(Executors.java:572)
	at java.base/java.util.concurrent.FutureTask.run(FutureTask.java:317)
	at java.base/java.util.concurrent.ThreadPoolExecutor.runWorker(ThreadPoolExecutor.java:1144)
	at java.base/java.util.concurrent.ThreadPoolExecutor$Worker.run(ThreadPoolExecutor.java:642)
	at java.base/java.lang.Thread.run(Thread.java:1570)

2024.06.21 13:37:47 INFO  compiling projektmemory-test (12 scala sources)
2024.06.21 13:37:47 WARN  Could not load snapshot text for C:\Users\leo11\OneDrive\Desktop\HTWG\AIN\Semester 3\Software-Engineering\ProjektMemory\src\test\scala\aview\TuiSpec.scala
2024.06.21 13:37:48 INFO  time: compiled projektmemory-test in 1s
2024.06.21 13:37:49 WARN  Could not load snapshot text for C:\Users\leo11\OneDrive\Desktop\HTWG\AIN\Semester 3\Software-Engineering\ProjektMemory\src\test\scala\aview\TuiSpec.scala
2024.06.21 13:37:50 WARN  Could not load snapshot text for C:\Users\leo11\OneDrive\Desktop\HTWG\AIN\Semester 3\Software-Engineering\ProjektMemory\src\test\scala\aview\TuiSpec.scala
Juni 21, 2024 1:37:51 PM scala.meta.internal.pc.CompilerAccess retryWithCleanCompiler
INFORMATION: compiler crashed due to an error in the Scala compiler, retrying with new compiler instance.
Juni 21, 2024 1:37:51 PM scala.meta.internal.pc.CompilerAccess handleError
SCHWERWIEGEND: A severe compiler error occurred, full details of the error can be found in the error report C:\Users\leo11\OneDrive\Desktop\HTWG\AIN\Semester 3\Software-Engineering\ProjektMemory\.metals\.reports\metals-full\2024-06-21\r_compiler-error_(projektmemory-test)_13-37-51-395.md
Juni 21, 2024 1:37:51 PM scala.meta.internal.pc.CompilerAccess retryWithCleanCompiler
INFORMATION: compiler crashed due to an error in the Scala compiler, retrying with new compiler instance.
Juni 21, 2024 1:37:51 PM scala.meta.internal.pc.CompilerAccess handleError
SCHWERWIEGEND: A severe compiler error occurred, full details of the error can be found in the error report C:\Users\leo11\OneDrive\Desktop\HTWG\AIN\Semester 3\Software-Engineering\ProjektMemory\.metals\.reports\metals-full\2024-06-21\r_compiler-error_(projektmemory-test)_13-37-51-761.md
Juni 21, 2024 1:37:51 PM scala.meta.internal.pc.CompilerAccess retryWithCleanCompiler
INFORMATION: compiler crashed due to an error in the Scala compiler, retrying with new compiler instance.
Juni 21, 2024 1:37:52 PM scala.meta.internal.pc.CompilerAccess handleError
SCHWERWIEGEND: A severe compiler error occurred, full details of the error can be found in the error report C:\Users\leo11\OneDrive\Desktop\HTWG\AIN\Semester 3\Software-Engineering\ProjektMemory\.metals\.reports\metals-full\2024-06-21\r_compiler-error_(projektmemory-test)_13-37-52-116.md
2024.06.21 13:37:52 INFO  compiling projektmemory-test (6 scala sources)
Juni 21, 2024 1:37:52 PM scala.meta.internal.pc.CompilerAccess retryWithCleanCompiler
INFORMATION: compiler crashed due to an error in the Scala compiler, retrying with new compiler instance.
Juni 21, 2024 1:37:52 PM scala.meta.internal.pc.CompilerAccess handleError
SCHWERWIEGEND: A severe compiler error occurred, full details of the error can be found in the error report C:\Users\leo11\OneDrive\Desktop\HTWG\AIN\Semester 3\Software-Engineering\ProjektMemory\.metals\.reports\metals-full\2024-06-21\r_compiler-error_(projektmemory-test)_13-37-52-511.md
2024.06.21 13:37:52 INFO  time: compiled projektmemory-test in 0.9s
2024.06.21 13:37:56 WARN  Could not load snapshot text for C:\Users\leo11\OneDrive\Desktop\HTWG\AIN\Semester 3\Software-Engineering\ProjektMemory\src\test\scala\controller\ControllerSpec.scala
Juni 21, 2024 1:38:08 PM org.eclipse.lsp4j.jsonrpc.RemoteEndpoint handleNotification
WARNUNG: Notification threw an exception: {
  "jsonrpc": "2.0",
  "method": "metals/didFocusTextDocument",
  "params": [
    "vscode-local-history:/c%3A/Users/leo11/OneDrive/Desktop/HTWG/AIN/Semester%203/Software-Engineering/ProjektMemory/src/test/scala/controller/ControllerSpec.scala?%7B%22location%22%3A%22file%3A%2F%2F%2Fc%3A%2FUsers%2Fleo11%2FAppData%2FRoaming%2FCode%2FUser%2FHistory%2F-1e7229fe%2FJIAm.scala%22%2C%22associatedResource%22%3A%22file%3A%2F%2F%2Fc%3A%2FUsers%2Fleo11%2FOneDrive%2FDesktop%2FHTWG%2FAIN%2FSemester%203%2FSoftware-Engineering%2FProjektMemory%2Fsrc%2Ftest%2Fscala%2Fcontroller%2FControllerSpec.scala%22%7D"
  ]
}
java.nio.file.FileSystemNotFoundException: Provider "vscode-local-history" not installed
	at java.base/java.nio.file.Path.of(Path.java:213)
	at java.base/java.nio.file.Paths.get(Paths.java:98)
	at scala.meta.internal.mtags.MtagsEnrichments$XtensionURIMtags.toAbsolutePath(MtagsEnrichments.scala:131)
	at scala.meta.internal.mtags.MtagsEnrichments$XtensionStringMtags.toAbsolutePath(MtagsEnrichments.scala:187)
	at scala.meta.internal.metals.MetalsEnrichments$XtensionString.toAbsolutePath(MetalsEnrichments.scala:756)
	at scala.meta.internal.metals.MetalsEnrichments$XtensionString.toAbsolutePath(MetalsEnrichments.scala:753)
	at scala.meta.internal.metals.WorkspaceLspService.didFocus(WorkspaceLspService.scala:695)
	at scala.meta.metals.lsp.DelegatingScalaService.didFocus(DelegatingScalaService.scala:43)
	at java.base/jdk.internal.reflect.DirectMethodHandleAccessor.invoke(DirectMethodHandleAccessor.java:103)
	at java.base/java.lang.reflect.Method.invoke(Method.java:580)
	at org.eclipse.lsp4j.jsonrpc.services.GenericEndpoint.lambda$recursiveFindRpcMethods$0(GenericEndpoint.java:65)
	at org.eclipse.lsp4j.jsonrpc.services.GenericEndpoint.notify(GenericEndpoint.java:160)
	at org.eclipse.lsp4j.jsonrpc.RemoteEndpoint.handleNotification(RemoteEndpoint.java:231)
	at org.eclipse.lsp4j.jsonrpc.RemoteEndpoint.consume(RemoteEndpoint.java:198)
	at org.eclipse.lsp4j.jsonrpc.json.StreamMessageProducer.handleMessage(StreamMessageProducer.java:185)
	at org.eclipse.lsp4j.jsonrpc.json.StreamMessageProducer.listen(StreamMessageProducer.java:97)
	at org.eclipse.lsp4j.jsonrpc.json.ConcurrentMessageProcessor.run(ConcurrentMessageProcessor.java:114)
	at java.base/java.util.concurrent.Executors$RunnableAdapter.call(Executors.java:572)
	at java.base/java.util.concurrent.FutureTask.run(FutureTask.java:317)
	at java.base/java.util.concurrent.ThreadPoolExecutor.runWorker(ThreadPoolExecutor.java:1144)
	at java.base/java.util.concurrent.ThreadPoolExecutor$Worker.run(ThreadPoolExecutor.java:642)
	at java.base/java.lang.Thread.run(Thread.java:1570)

2024.06.21 13:38:18 WARN  Could not load snapshot text for C:\Users\leo11\OneDrive\Desktop\HTWG\AIN\Semester 3\Software-Engineering\ProjektMemory\src\test\scala\controller\ControllerSpec.scala
2024.06.21 13:38:21 WARN  Could not load snapshot text for C:\Users\leo11\OneDrive\Desktop\HTWG\AIN\Semester 3\Software-Engineering\ProjektMemory\src\test\scala\controller\ControllerSpec.scala
2024.06.21 13:38:22 INFO  compiling projektmemory-test (5 scala sources)
2024.06.21 13:38:22 INFO  time: compiled projektmemory-test in 0.45s
2024.06.21 13:38:28 WARN  Could not load snapshot text for C:\Users\leo11\OneDrive\Desktop\HTWG\AIN\Semester 3\Software-Engineering\ProjektMemory\src\test\scala\model\CardSpec.scala
Juni 21, 2024 1:38:35 PM org.eclipse.lsp4j.jsonrpc.RemoteEndpoint handleNotification
WARNUNG: Notification threw an exception: {
  "jsonrpc": "2.0",
  "method": "metals/didFocusTextDocument",
  "params": [
    "vscode-local-history:/c%3A/Users/leo11/OneDrive/Desktop/HTWG/AIN/Semester%203/Software-Engineering/ProjektMemory/src/test/scala/model/CardSpec.scala?%7B%22location%22%3A%22file%3A%2F%2F%2Fc%3A%2FUsers%2Fleo11%2FAppData%2FRoaming%2FCode%2FUser%2FHistory%2F5e74509%2FkVqu.scala%22%2C%22associatedResource%22%3A%22file%3A%2F%2F%2Fc%3A%2FUsers%2Fleo11%2FOneDrive%2FDesktop%2FHTWG%2FAIN%2FSemester%203%2FSoftware-Engineering%2FProjektMemory%2Fsrc%2Ftest%2Fscala%2Fmodel%2FCardSpec.scala%22%7D"
  ]
}
java.nio.file.FileSystemNotFoundException: Provider "vscode-local-history" not installed
	at java.base/java.nio.file.Path.of(Path.java:213)
	at java.base/java.nio.file.Paths.get(Paths.java:98)
	at scala.meta.internal.mtags.MtagsEnrichments$XtensionURIMtags.toAbsolutePath(MtagsEnrichments.scala:131)
	at scala.meta.internal.mtags.MtagsEnrichments$XtensionStringMtags.toAbsolutePath(MtagsEnrichments.scala:187)
	at scala.meta.internal.metals.MetalsEnrichments$XtensionString.toAbsolutePath(MetalsEnrichments.scala:756)
	at scala.meta.internal.metals.MetalsEnrichments$XtensionString.toAbsolutePath(MetalsEnrichments.scala:753)
	at scala.meta.internal.metals.WorkspaceLspService.didFocus(WorkspaceLspService.scala:695)
	at scala.meta.metals.lsp.DelegatingScalaService.didFocus(DelegatingScalaService.scala:43)
	at java.base/jdk.internal.reflect.DirectMethodHandleAccessor.invoke(DirectMethodHandleAccessor.java:103)
	at java.base/java.lang.reflect.Method.invoke(Method.java:580)
	at org.eclipse.lsp4j.jsonrpc.services.GenericEndpoint.lambda$recursiveFindRpcMethods$0(GenericEndpoint.java:65)
	at org.eclipse.lsp4j.jsonrpc.services.GenericEndpoint.notify(GenericEndpoint.java:160)
	at org.eclipse.lsp4j.jsonrpc.RemoteEndpoint.handleNotification(RemoteEndpoint.java:231)
	at org.eclipse.lsp4j.jsonrpc.RemoteEndpoint.consume(RemoteEndpoint.java:198)
	at org.eclipse.lsp4j.jsonrpc.json.StreamMessageProducer.handleMessage(StreamMessageProducer.java:185)
	at org.eclipse.lsp4j.jsonrpc.json.StreamMessageProducer.listen(StreamMessageProducer.java:97)
	at org.eclipse.lsp4j.jsonrpc.json.ConcurrentMessageProcessor.run(ConcurrentMessageProcessor.java:114)
	at java.base/java.util.concurrent.Executors$RunnableAdapter.call(Executors.java:572)
	at java.base/java.util.concurrent.FutureTask.run(FutureTask.java:317)
	at java.base/java.util.concurrent.ThreadPoolExecutor.runWorker(ThreadPoolExecutor.java:1144)
	at java.base/java.util.concurrent.ThreadPoolExecutor$Worker.run(ThreadPoolExecutor.java:642)
	at java.base/java.lang.Thread.run(Thread.java:1570)

2024.06.21 13:38:43 WARN  Could not load snapshot text for C:\Users\leo11\OneDrive\Desktop\HTWG\AIN\Semester 3\Software-Engineering\ProjektMemory\src\test\scala\model\CardSpec.scala
2024.06.21 13:38:46 WARN  Could not load snapshot text for C:\Users\leo11\OneDrive\Desktop\HTWG\AIN\Semester 3\Software-Engineering\ProjektMemory\src\test\scala\model\CardSpec.scala
2024.06.21 13:38:48 WARN  Could not load snapshot text for C:\Users\leo11\OneDrive\Desktop\HTWG\AIN\Semester 3\Software-Engineering\ProjektMemory\src\test\scala\model\CardSpec.scala
2024.06.21 13:38:49 INFO  compiling projektmemory-test (4 scala sources)
2024.06.21 13:38:49 INFO  time: compiled projektmemory-test in 0.4s
2024.06.21 13:38:54 WARN  Could not load snapshot text for C:\Users\leo11\OneDrive\Desktop\HTWG\AIN\Semester 3\Software-Engineering\ProjektMemory\src\test\scala\model\LogicSpec.scala
2024.06.21 13:38:56 WARN  Could not load snapshot text for C:\Users\leo11\OneDrive\Desktop\HTWG\AIN\Semester 3\Software-Engineering\ProjektMemory\src\test\scala\model\LogicSpec.scala
2024.06.21 13:38:58 WARN  Could not load snapshot text for C:\Users\leo11\OneDrive\Desktop\HTWG\AIN\Semester 3\Software-Engineering\ProjektMemory\src\test\scala\model\LogicSpec.scala
2024.06.21 13:38:59 INFO  compiling projektmemory-test (3 scala sources)
2024.06.21 13:38:59 INFO  time: compiled projektmemory-test in 0.4s
2024.06.21 13:39:03 WARN  Could not load snapshot text for C:\Users\leo11\OneDrive\Desktop\HTWG\AIN\Semester 3\Software-Engineering\ProjektMemory\src\test\scala\model\MatrixSpec.scala
2024.06.21 13:39:06 WARN  Could not load snapshot text for C:\Users\leo11\OneDrive\Desktop\HTWG\AIN\Semester 3\Software-Engineering\ProjektMemory\src\test\scala\model\MatrixSpec.scala
2024.06.21 13:39:08 WARN  Could not load snapshot text for C:\Users\leo11\OneDrive\Desktop\HTWG\AIN\Semester 3\Software-Engineering\ProjektMemory\src\test\scala\model\MatrixSpec.scala
2024.06.21 13:39:09 INFO  compiling projektmemory-test (2 scala sources)
2024.06.21 13:39:09 INFO  time: compiled projektmemory-test in 0.26s
2024.06.21 13:39:12 WARN  Could not load snapshot text for C:\Users\leo11\OneDrive\Desktop\HTWG\AIN\Semester 3\Software-Engineering\ProjektMemory\src\test\scala\model\MatrixStandardSpec.scala
Juni 21, 2024 1:39:15 PM org.eclipse.lsp4j.jsonrpc.RemoteEndpoint handleCancellation
WARNUNG: Unmatched cancel notification for request id 532
2024.06.21 13:39:16 WARN  Could not load snapshot text for C:\Users\leo11\OneDrive\Desktop\HTWG\AIN\Semester 3\Software-Engineering\ProjektMemory\src\test\scala\model\MatrixStandardSpec.scala
2024.06.21 13:39:17 WARN  Could not load snapshot text for C:\Users\leo11\OneDrive\Desktop\HTWG\AIN\Semester 3\Software-Engineering\ProjektMemory\src\test\scala\model\MatrixStandardSpec.scala
2024.06.21 13:39:19 INFO  compiling projektmemory-test (1 scala source)
2024.06.21 13:39:19 INFO  time: compiled projektmemory-test in 0.18s
2024.06.21 13:39:22 WARN  Could not load snapshot text for C:\Users\leo11\OneDrive\Desktop\HTWG\AIN\Semester 3\Software-Engineering\ProjektMemory\src\test\scala\model\StandardScoringSpec.scala
2024.06.21 13:39:25 WARN  Could not load snapshot text for C:\Users\leo11\OneDrive\Desktop\HTWG\AIN\Semester 3\Software-Engineering\ProjektMemory\src\test\scala\model\StandardScoringSpec.scala
2024.06.21 13:39:27 WARN  Could not load snapshot text for C:\Users\leo11\OneDrive\Desktop\HTWG\AIN\Semester 3\Software-Engineering\ProjektMemory\src\test\scala\model\StandardScoringSpec.scala
2024.06.21 13:52:31 INFO  Started: Metals version 1.3.2 in folders 'C:\Users\leo11\OneDrive\Desktop\HTWG\AIN\Semester 3\Software-Engineering\ProjektMemory' for client Visual Studio Code 1.90.2.
SLF4J(W): Class path contains multiple SLF4J providers.
SLF4J(W): Found provider [scribe.slf4j.ScribeServiceProvider@2cd5c1b2]
SLF4J(W): Found provider [ch.qos.logback.classic.spi.LogbackServiceProvider@2e402754]
SLF4J(W): See https://www.slf4j.org/codes.html#multiple_bindings for an explanation.
SLF4J(I): Actual provider is of type [scribe.slf4j.ScribeServiceProvider@2cd5c1b2]
2024.06.21 13:52:36 WARN  Flyway upgrade recommended: H2 2.2.224 is newer than this version of Flyway and support has not been tested. The latest supported version of H2 is 2.2.220.
2024.06.21 13:52:37 INFO  Attempting to connect to the build server...
2024.06.21 13:52:37 INFO  tracing is disabled for protocol BSP, to enable tracing of incoming and outgoing JSON messages create an empty file at C:\Users\leo11\OneDrive\Desktop\HTWG\AIN\Semester 3\Software-Engineering\ProjektMemory\.metals\bsp.trace.json or C:\Users\leo11\AppData\Local\scalameta\metals\cache\bsp.trace.json
2024.06.21 13:52:37 INFO  Attempting to connect to the build server...
2024.06.21 13:52:37 INFO  Attempting to connect to the build server...
2024.06.21 13:52:37 INFO  tracing is disabled for protocol BSP, to enable tracing of incoming and outgoing JSON messages create an empty file at C:\Users\leo11\OneDrive\Desktop\HTWG\AIN\Semester 3\Software-Engineering\ProjektMemory\project\project\.metals\bsp.trace.json or C:\Users\leo11\AppData\Local\scalameta\metals\cache\bsp.trace.json
2024.06.21 13:52:37 INFO  tracing is disabled for protocol BSP, to enable tracing of incoming and outgoing JSON messages create an empty file at C:\Users\leo11\OneDrive\Desktop\HTWG\AIN\Semester 3\Software-Engineering\ProjektMemory\project\.metals\bsp.trace.json or C:\Users\leo11\AppData\Local\scalameta\metals\cache\bsp.trace.json
2024.06.21 13:52:37 INFO  time: Connected to build server in 0.46s
2024.06.21 13:52:37 INFO  Connected to Build server: Bloop v1.5.18
2024.06.21 13:52:38 INFO  time: Imported build in 0.14s
Juni 21, 2024 1:52:40 PM org.eclipse.lsp4j.jsonrpc.RemoteEndpoint handleCancellation
WARNUNG: Unmatched cancel notification for request id 8
Juni 21, 2024 1:52:44 PM org.eclipse.lsp4j.jsonrpc.RemoteEndpoint fallbackResponseError
SCHWERWIEGEND: Internal error: scala.meta.internal.metals.debug.DebugProvider$SemanticDbNotFoundException$: Build misconfiguration. No semanticdb can be found for you file, please check the doctor.
java.util.concurrent.CompletionException: scala.meta.internal.metals.debug.DebugProvider$SemanticDbNotFoundException$: Build misconfiguration. No semanticdb can be found for you file, please check the doctor.
	at java.base/java.util.concurrent.CompletableFuture.encodeThrowable(CompletableFuture.java:332)
	at java.base/java.util.concurrent.CompletableFuture.uniAcceptNow(CompletableFuture.java:747)
	at java.base/java.util.concurrent.CompletableFuture.uniAcceptStage(CompletableFuture.java:735)
	at java.base/java.util.concurrent.CompletableFuture.thenAcceptAsync(CompletableFuture.java:2218)
	at scala.concurrent.java8.FuturesConvertersImpl$CF.thenAccept(FutureConvertersImpl.scala:37)
	at org.eclipse.lsp4j.jsonrpc.RemoteEndpoint.handleRequest(RemoteEndpoint.java:288)
	at org.eclipse.lsp4j.jsonrpc.RemoteEndpoint.consume(RemoteEndpoint.java:201)
	at org.eclipse.lsp4j.jsonrpc.json.StreamMessageProducer.handleMessage(StreamMessageProducer.java:185)
	at org.eclipse.lsp4j.jsonrpc.json.StreamMessageProducer.listen(StreamMessageProducer.java:97)
	at org.eclipse.lsp4j.jsonrpc.json.ConcurrentMessageProcessor.run(ConcurrentMessageProcessor.java:114)
	at java.base/java.util.concurrent.Executors$RunnableAdapter.call(Executors.java:572)
	at java.base/java.util.concurrent.FutureTask.run(FutureTask.java:317)
	at java.base/java.util.concurrent.ThreadPoolExecutor.runWorker(ThreadPoolExecutor.java:1144)
	at java.base/java.util.concurrent.ThreadPoolExecutor$Worker.run(ThreadPoolExecutor.java:642)
	at java.base/java.lang.Thread.run(Thread.java:1570)
Caused by: scala.meta.internal.metals.debug.DebugProvider$SemanticDbNotFoundException$: Build misconfiguration. No semanticdb can be found for you file, please check the doctor.
	at scala.meta.internal.metals.debug.DebugProvider$SemanticDbNotFoundException$.<clinit>(DebugProvider.scala:1040)
	at scala.meta.internal.metals.debug.DebugProvider.$anonfun$resolveInFile$1(DebugProvider.scala:449)
	at scala.Option.fold(Option.scala:263)
	at scala.meta.internal.metals.debug.DebugProvider.resolveInFile(DebugProvider.scala:450)
	at scala.meta.internal.metals.debug.DebugProvider.debugDiscovery(DebugProvider.scala:595)
	at scala.meta.internal.metals.debug.DebugProvider.runCommandDiscovery(DebugProvider.scala:523)
	at scala.meta.internal.metals.MetalsLspService.discoverMainClasses(MetalsLspService.scala:1526)
	at scala.meta.internal.metals.WorkspaceLspService.executeCommand(WorkspaceLspService.scala:796)
	at scala.meta.metals.lsp.DelegatingScalaService.executeCommand(DelegatingScalaService.scala:169)
	at java.base/jdk.internal.reflect.DirectMethodHandleAccessor.invoke(DirectMethodHandleAccessor.java:103)
	at java.base/java.lang.reflect.Method.invoke(Method.java:580)
	at org.eclipse.lsp4j.jsonrpc.services.GenericEndpoint.lambda$recursiveFindRpcMethods$0(GenericEndpoint.java:65)
	at org.eclipse.lsp4j.jsonrpc.services.GenericEndpoint.request(GenericEndpoint.java:128)
	at org.eclipse.lsp4j.jsonrpc.RemoteEndpoint.handleRequest(RemoteEndpoint.java:271)
	... 9 more

2024.06.21 13:52:46 INFO  time: indexed workspace in 8.71s
2024.06.21 13:52:47 INFO  compiling projektmemory (21 scala sources)
2024.06.21 13:52:50 INFO  compiling projektmemory-test (12 scala sources)
2024.06.21 13:52:50 INFO  time: compiled projektmemory in 3.49s
2024.06.21 13:52:53 INFO  time: compiled projektmemory-test in 2.78s
2024.06.21 13:54:44 INFO  Shutting down server
2024.06.21 13:54:44 INFO  shutting down Metals
2024.06.21 13:54:44 INFO  Shut down connection with build server.
2024.06.21 13:54:44 INFO  Shut down connection with build server.
2024.06.21 13:54:44 INFO  Shut down connection with build server.
2024.06.21 13:54:44 INFO  Exiting server
2024.06.21 13:58:08 INFO  Started: Metals version 1.3.2 in folders 'C:\Users\leo11\OneDrive\Desktop\HTWG\AIN\Semester 3\Software-Engineering\ProjektMemory' for client Visual Studio Code 1.90.2.
SLF4J(W): Class path contains multiple SLF4J providers.
SLF4J(W): Found provider [scribe.slf4j.ScribeServiceProvider@4c2b39ef]
SLF4J(W): Found provider [ch.qos.logback.classic.spi.LogbackServiceProvider@5540d7b2]
SLF4J(W): See https://www.slf4j.org/codes.html#multiple_bindings for an explanation.
SLF4J(I): Actual provider is of type [scribe.slf4j.ScribeServiceProvider@4c2b39ef]
2024.06.21 13:58:09 WARN  Flyway upgrade recommended: H2 2.2.224 is newer than this version of Flyway and support has not been tested. The latest supported version of H2 is 2.2.220.
2024.06.21 13:58:11 INFO  no build target found for C:\Users\leo11\OneDrive\Desktop\HTWG\AIN\Semester 3\Software-Engineering\ProjektMemory\src\main\scala\Memory.scala. Using presentation compiler with project's scala-library version: 3.3.3
2024.06.21 13:58:11 INFO  Attempting to connect to the build server...
2024.06.21 13:58:11 INFO  tracing is disabled for protocol BSP, to enable tracing of incoming and outgoing JSON messages create an empty file at C:\Users\leo11\OneDrive\Desktop\HTWG\AIN\Semester 3\Software-Engineering\ProjektMemory\.metals\bsp.trace.json or C:\Users\leo11\AppData\Local\scalameta\metals\cache\bsp.trace.json
2024.06.21 13:58:11 INFO  Attempting to connect to the build server...
2024.06.21 13:58:11 INFO  Attempting to connect to the build server...
2024.06.21 13:58:11 INFO  tracing is disabled for protocol BSP, to enable tracing of incoming and outgoing JSON messages create an empty file at C:\Users\leo11\OneDrive\Desktop\HTWG\AIN\Semester 3\Software-Engineering\ProjektMemory\project\project\.metals\bsp.trace.json or C:\Users\leo11\AppData\Local\scalameta\metals\cache\bsp.trace.json
2024.06.21 13:58:12 INFO  tracing is disabled for protocol BSP, to enable tracing of incoming and outgoing JSON messages create an empty file at C:\Users\leo11\OneDrive\Desktop\HTWG\AIN\Semester 3\Software-Engineering\ProjektMemory\project\.metals\bsp.trace.json or C:\Users\leo11\AppData\Local\scalameta\metals\cache\bsp.trace.json
2024.06.21 13:58:12 INFO  time: Connected to build server in 0.65s
2024.06.21 13:58:12 INFO  Connected to Build server: Bloop v1.5.18
2024.06.21 13:58:12 INFO  time: Imported build in 0.19s
2024.06.21 13:58:19 INFO  time: indexed workspace in 6.25s
Juni 21, 2024 1:58:39 PM org.eclipse.lsp4j.jsonrpc.services.GenericEndpoint notify
INFORMATION: Unsupported notification method: $/setTrace
